MOTIF 1
GABPA
12
0.464 0.000 0.375 0.162
0.287 0.143 0.495 0.075
0.329 0.000 0.607 0.064
0.040 0.000 0.960 0.000
0.911 0.000 0.000 0.089
0.900 0.000 0.024 0.076
0.119 0.360 0.495 0.026
0.107 0.125 0.000 0.767
0.098 0.000 0.902 0.000
0.846 0.000 0.089 0.064
0.585 0.000 0.377 0.038
0.901 0.046 0.000 0.054

MOTIF 2
GABPA
12
0.054 0.000 0.046 0.901
0.038 0.377 0.000 0.585
0.064 0.089 0.000 0.846
0.000 0.902 0.000 0.098
0.767 0.000 0.125 0.107
0.026 0.495 0.360 0.119
0.076 0.024 0.000 0.900
0.089 0.000 0.000 0.911
0.000 0.960 0.000 0.040
0.064 0.607 0.000 0.329
0.075 0.495 0.143 0.287
0.162 0.375 0.000 0.464

MOTIF 3
NFKB
11
0.154 0.010 0.537 0.300
0.000 0.043 0.957 0.000
0.000 0.000 0.942 0.058
0.540 0.000 0.460 0.000
0.780 0.045 0.122 0.053
0.946 0.038 0.016 0.000
0.231 0.163 0.347 0.258
0.078 0.410 0.037 0.475
0.208 0.750 0.042 0.000
0.045 0.955 0.000 0.000
0.148 0.814 0.037 0.000

MOTIF 4
NFKB
11
0.000 0.037 0.814 0.148
0.000 0.000 0.955 0.045
0.000 0.042 0.750 0.208
0.475 0.037 0.410 0.078
0.258 0.347 0.163 0.231
0.000 0.016 0.038 0.946
0.053 0.122 0.045 0.780
0.000 0.460 0.000 0.540
0.058 0.942 0.000 0.000
0.000 0.957 0.043 0.000
0.300 0.537 0.010 0.154

MOTIF 5
AP1
12
0.158 0.000 0.684 0.158
0.357 0.064 0.294 0.285
0.200 0.000 0.336 0.464
0.388 0.183 0.148 0.281
0.000 0.027 0.000 0.973
0.000 0.025 0.661 0.314
0.850 0.045 0.024 0.081
0.152 0.334 0.471 0.043
0.024 0.000 0.017 0.959
0.212 0.771 0.017 0.000
0.974 0.000 0.000 0.026
0.000 0.134 0.286 0.581

MOTIF 6
AP1
12
0.581 0.286 0.134 0.000
0.026 0.000 0.000 0.974
0.000 0.017 0.771 0.212
0.959 0.017 0.000 0.024
0.043 0.471 0.334 0.152
0.081 0.024 0.045 0.850
0.314 0.661 0.025 0.000
0.973 0.000 0.027 0.000
0.281 0.148 0.183 0.388
0.464 0.336 0.000 0.200
0.285 0.294 0.064 0.357
0.158 0.684 0.000 0.158

MOTIF 7
GABPA
11
0.651 0.087 0.180 0.082
0.866 0.009 0.004 0.120
0.609 0.000 0.131 0.260
0.229 0.164 0.607 0.000
0.505 0.090 0.298 0.107
0.189 0.012 0.776 0.024
0.000 0.000 1.000 0.000
0.968 0.000 0.000 0.032
0.870 0.040 0.000 0.090
0.056 0.447 0.497 0.000
0.148 0.189 0.073 0.590

MOTIF 8
GABPA
11
0.590 0.073 0.189 0.148
0.000 0.497 0.447 0.056
0.090 0.000 0.040 0.870
0.032 0.000 0.000 0.968
0.000 1.000 0.000 0.000
0.024 0.776 0.012 0.189
0.107 0.298 0.090 0.505
0.000 0.607 0.164 0.229
0.260 0.131 0.000 0.609
0.120 0.004 0.009 0.866
0.082 0.180 0.087 0.651

MOTIF 9
GABPA
9
0.135 0.493 0.332 0.040
0.760 0.173 0.067 0.000
0.000 0.000 1.000 0.000
0.000 0.000 1.000 0.000
1.000 0.000 0.000 0.000
0.748 0.000 0.000 0.252
0.356 0.043 0.600 0.000
0.000 0.237 0.123 0.640
0.235 0.105 0.536 0.124

MOTIF 10
GABPA
9
0.124 0.536 0.105 0.235
0.640 0.123 0.237 0.000
0.000 0.600 0.043 0.356
0.252 0.000 0.000 0.748
0.000 0.000 0.000 1.000
0.000 1.000 0.000 0.000
0.000 1.000 0.000 0.000
0.000 0.067 0.173 0.760
0.040 0.332 0.493 0.135

MOTIF 11
OCT1
8
0.934 0.013 0.000 0.053
0.000 0.093 0.125 0.783
0.005 0.118 0.644 0.233
0.000 0.794 0.039 0.167
0.793 0.161 0.000 0.045
0.958 0.000 0.000 0.042
0.889 0.010 0.007 0.094
0.200 0.015 0.136 0.649

MOTIF 12
OCT1
8
0.649 0.136 0.015 0.200
0.094 0.007 0.010 0.889
0.042 0.000 0.000 0.958
0.045 0.000 0.161 0.793
0.167 0.039 0.794 0.000
0.233 0.644 0.118 0.005
0.783 0.125 0.093 0.000
0.053 0.000 0.013 0.934

MOTIF 13
Stat2
11
0.000 0.160 0.000 0.840
0.100 0.383 0.376 0.141
0.908 0.000 0.000 0.092
0.546 0.139 0.210 0.105
0.950 0.050 0.000 0.000
0.245 0.365 0.390 0.000
0.327 0.225 0.024 0.424
0.238 0.158 0.513 0.091
0.766 0.031 0.165 0.038
0.529 0.079 0.339 0.053
0.929 0.000 0.066 0.005

MOTIF 14
Stat2
11
0.005 0.066 0.000 0.929
0.053 0.339 0.079 0.529
0.038 0.165 0.031 0.766
0.091 0.513 0.158 0.238
0.424 0.024 0.225 0.327
0.000 0.390 0.365 0.245
0.000 0.000 0.050 0.950
0.105 0.210 0.139 0.546
0.092 0.000 0.000 0.908
0.141 0.376 0.383 0.100
0.840 0.000 0.160 0.000

MOTIF 15
IRF
10
0.521 0.048 0.159 0.272
0.591 0.141 0.097 0.170
0.226 0.331 0.168 0.275
0.224 0.156 0.119 0.501
0.038 0.040 0.922 0.000
0.985 0.015 0.000 0.000
0.912 0.000 0.000 0.088
0.995 0.000 0.000 0.005
0.000 0.697 0.303 0.000
0.117 0.294 0.027 0.562

MOTIF 16
IRF
10
0.562 0.027 0.294 0.117
0.000 0.303 0.697 0.000
0.005 0.000 0.000 0.995
0.088 0.000 0.000 0.912
0.000 0.000 0.015 0.985
0.000 0.922 0.040 0.038
0.501 0.119 0.156 0.224
0.275 0.168 0.331 0.226
0.170 0.097 0.141 0.591
0.272 0.159 0.048 0.521

MOTIF 17
RUNX
8
0.572 0.281 0.017 0.130
0.580 0.038 0.250 0.133
0.592 0.170 0.238 0.000
0.000 0.994 0.000 0.006
0.000 0.999 0.001 0.000
0.729 0.000 0.133 0.138
0.000 0.851 0.149 0.000
0.819 0.051 0.000 0.130

MOTIF 18
RUNX
8
0.130 0.000 0.051 0.819
0.000 0.149 0.851 0.000
0.138 0.133 0.000 0.729
0.000 0.001 0.999 0.000
0.006 0.000 0.994 0.000
0.000 0.238 0.170 0.592
0.133 0.250 0.038 0.580
0.130 0.017 0.281 0.572

MOTIF 19
RUNX
10
0.042 0.317 0.195 0.446
0.118 0.308 0.244 0.331
0.045 0.059 0.000 0.896
0.260 0.149 0.398 0.193
0.758 0.114 0.128 0.000
0.000 1.000 0.000 0.000
0.053 0.909 0.024 0.013
0.680 0.068 0.081 0.172
0.137 0.821 0.000 0.042
0.694 0.030 0.137 0.139

MOTIF 20
RUNX
10
0.139 0.137 0.030 0.694
0.042 0.000 0.821 0.137
0.172 0.081 0.068 0.680
0.013 0.024 0.909 0.053
0.000 0.000 1.000 0.000
0.000 0.128 0.114 0.758
0.193 0.398 0.149 0.260
0.896 0.000 0.059 0.045
0.331 0.244 0.308 0.118
0.446 0.195 0.317 0.042

MOTIF 21
SP1
10
0.087 0.553 0.165 0.195
0.116 0.358 0.152 0.375
0.282 0.712 0.000 0.006
0.097 0.758 0.095 0.050
0.327 0.030 0.272 0.372
0.000 0.976 0.000 0.024
0.000 0.918 0.082 0.000
0.122 0.678 0.000 0.200
0.360 0.416 0.030 0.194
0.039 0.585 0.160 0.216

MOTIF 22
SP1
10
0.216 0.160 0.585 0.039
0.194 0.030 0.416 0.360
0.200 0.000 0.678 0.122
0.000 0.082 0.918 0.000
0.024 0.000 0.976 0.000
0.372 0.272 0.030 0.327
0.050 0.095 0.758 0.097
0.006 0.000 0.712 0.282
0.375 0.152 0.358 0.116
0.195 0.165 0.553 0.087

MOTIF 23
TCF11
7
0.718 0.122 0.010 0.150
0.263 0.219 0.421 0.096
0.019 0.000 0.000 0.981
0.114 0.886 0.000 0.000
0.805 0.151 0.000 0.044
0.000 0.113 0.000 0.887
0.196 0.270 0.000 0.534

MOTIF 24
TCF11
7
0.534 0.000 0.270 0.196
0.887 0.000 0.113 0.000
0.044 0.000 0.151 0.805
0.000 0.000 0.886 0.114
0.981 0.000 0.000 0.019
0.096 0.421 0.219 0.263
0.150 0.010 0.122 0.718

MOTIF 25
AP1
11
0.091 0.500 0.318 0.091
0.385 0.077 0.500 0.038
0.000 0.000 0.077 0.923
0.000 0.000 0.962 0.038
0.693 0.231 0.038 0.038
0.077 0.000 0.923 0.000
0.038 0.000 0.038 0.924
0.077 0.885 0.038 0.000
0.955 0.000 0.045 0.000
0.100 0.250 0.150 0.500
0.150 0.550 0.250 0.050

MOTIF 26
AP1
11
0.050 0.250 0.550 0.150
0.500 0.150 0.250 0.100
0.000 0.045 0.000 0.955
0.000 0.038 0.885 0.077
0.924 0.038 0.000 0.038
0.000 0.923 0.000 0.077
0.038 0.038 0.231 0.693
0.038 0.962 0.000 0.000
0.923 0.077 0.000 0.000
0.038 0.500 0.077 0.385
0.091 0.318 0.500 0.091

MOTIF 27
GABPA
15
0.500 0.000 0.250 0.250
0.500 0.250 0.250 0.000
0.750 0.000 0.250 0.000
0.000 0.750 0.250 0.000
0.500 0.500 0.000 0.000
0.000 0.000 1.000 0.000
0.000 0.000 1.000 0.000
1.000 0.000 0.000 0.000
0.750 0.000 0.000 0.250
0.000 0.000 1.000 0.000
0.000 0.250 0.000 0.750
0.250 0.250 0.250 0.250
0.250 0.750 0.000 0.000
0.250 0.250 0.500 0.000
0.250 0.250 0.000 0.500

MOTIF 28
GABPA
15
0.500 0.000 0.250 0.250
0.000 0.500 0.250 0.250
0.000 0.000 0.750 0.250
0.250 0.250 0.250 0.250
0.750 0.000 0.250 0.000
0.000 1.000 0.000 0.000
0.250 0.000 0.000 0.750
0.000 0.000 0.000 1.000
0.000 1.000 0.000 0.000
0.000 1.000 0.000 0.000
0.000 0.000 0.500 0.500
0.000 0.250 0.750 0.000
0.000 0.250 0.000 0.750
0.000 0.250 0.250 0.500
0.250 0.250 0.000 0.500

MOTIF 29
Pax5
16
0.060 0.605 0.273 0.063
0.001 0.000 0.985 0.015
0.050 0.017 0.000 0.933
0.001 0.904 0.000 0.096
0.943 0.056 0.001 0.000
0.000 0.873 0.000 0.127
0.001 0.000 0.998 0.001
0.000 0.812 0.188 0.000
0.573 0.021 0.011 0.395
0.002 0.090 0.000 0.907
0.000 0.273 0.718 0.008
0.857 0.000 0.142 0.000
0.186 0.368 0.278 0.168
0.015 0.125 0.007 0.854
0.141 0.002 0.711 0.146
0.282 0.496 0.222 0.000

MOTIF 30
Pax5
16
0.000 0.222 0.496 0.282
0.146 0.711 0.002 0.141
0.854 0.007 0.125 0.015
0.168 0.278 0.368 0.186
0.000 0.142 0.000 0.857
0.008 0.718 0.273 0.000
0.907 0.000 0.090 0.002
0.395 0.011 0.021 0.573
0.000 0.188 0.812 0.000
0.001 0.998 0.000 0.001
0.127 0.000 0.873 0.000
0.000 0.001 0.056 0.943
0.096 0.000 0.904 0.001
0.933 0.000 0.017 0.050
0.015 0.985 0.000 0.001
0.063 0.273 0.605 0.060

MOTIF 31
MEF2
18
0.070 0.090 0.070 0.770
0.070 0.000 0.840 0.090
0.090 0.000 0.070 0.840
0.000 0.011 0.044 0.945
0.630 0.010 0.200 0.160
0.000 0.980 0.020 0.000
0.000 0.020 0.000 0.980
0.910 0.020 0.000 0.070
0.680 0.000 0.000 0.320
1.000 0.000 0.000 0.000
1.000 0.000 0.000 0.000
1.000 0.000 0.000 0.000
0.000 0.020 0.000 0.980
1.000 0.000 0.000 0.000
0.020 0.000 0.980 0.000
0.800 0.090 0.060 0.050
0.720 0.060 0.000 0.220
0.434 0.364 0.020 0.182

MOTIF 32
MEF2
18
0.182 0.020 0.364 0.434
0.220 0.000 0.060 0.720
0.050 0.060 0.090 0.800
0.000 0.980 0.000 0.020
0.000 0.000 0.000 1.000
0.980 0.000 0.020 0.000
0.000 0.000 0.000 1.000
0.000 0.000 0.000 1.000
0.000 0.000 0.000 1.000
0.320 0.000 0.000 0.680
0.070 0.000 0.020 0.910
0.980 0.000 0.020 0.000
0.000 0.020 0.980 0.000
0.160 0.200 0.010 0.630
0.945 0.044 0.011 0.000
0.840 0.070 0.000 0.090
0.090 0.840 0.000 0.070
0.770 0.070 0.090 0.070

MOTIF 33
IRF3
19
0.325 0.027 0.568 0.081
0.571 0.001 0.401 0.028
0.762 0.003 0.145 0.090
0.961 0.011 0.010 0.019
0.344 0.354 0.135 0.166
0.008 0.195 0.715 0.081
0.005 0.000 0.993 0.001
0.996 0.001 0.003 0.001
0.993 0.001 0.003 0.003
0.980 0.001 0.002 0.016
0.020 0.883 0.055 0.042
0.029 0.739 0.137 0.095
0.014 0.000 0.986 0.000
0.987 0.007 0.004 0.001
0.971 0.003 0.002 0.024
0.954 0.004 0.003 0.039
0.026 0.803 0.148 0.023
0.106 0.300 0.114 0.480
0.354 0.089 0.454 0.102

MOTIF 34
IRF3
19
0.102 0.454 0.089 0.354
0.480 0.114 0.300 0.106
0.023 0.148 0.803 0.026
0.039 0.003 0.004 0.954
0.024 0.002 0.003 0.971
0.001 0.004 0.007 0.987
0.000 0.986 0.000 0.014
0.095 0.137 0.739 0.029
0.042 0.055 0.883 0.020
0.016 0.002 0.001 0.980
0.003 0.003 0.001 0.993
0.001 0.003 0.001 0.996
0.001 0.993 0.000 0.005
0.081 0.715 0.195 0.008
0.166 0.135 0.354 0.344
0.019 0.010 0.011 0.961
0.090 0.145 0.003 0.762
0.028 0.401 0.001 0.571
0.081 0.568 0.027 0.325

MOTIF 35
RREB1
19
0.273 0.727 0.000 0.000
0.091 0.909 0.000 0.000
0.273 0.727 0.000 0.000
0.000 1.000 0.000 0.000
0.636 0.364 0.000 0.000
0.818 0.182 0.000 0.000
0.727 0.273 0.000 0.000
0.364 0.545 0.000 0.091
0.000 1.000 0.000 0.000
1.000 0.000 0.000 0.000
0.364 0.636 0.000 0.000
0.091 0.909 0.000 0.000
0.273 0.727 0.000 0.000
0.364 0.545 0.091 0.000
0.182 0.818 0.000 0.000
0.364 0.455 0.000 0.182
0.364 0.455 0.091 0.091
0.364 0.545 0.000 0.091
0.091 0.636 0.273 0.000

MOTIF 36
RREB1
19
0.000 0.273 0.636 0.091
0.091 0.000 0.545 0.364
0.091 0.091 0.455 0.364
0.182 0.000 0.455 0.364
0.000 0.000 0.818 0.182
0.000 0.091 0.545 0.364
0.000 0.000 0.727 0.273
0.000 0.000 0.909 0.091
0.000 0.000 0.636 0.364
0.000 0.000 0.000 1.000
0.000 0.000 1.000 0.000
0.091 0.000 0.545 0.364
0.000 0.000 0.273 0.727
0.000 0.000 0.182 0.818
0.000 0.000 0.364 0.636
0.000 0.000 1.000 0.000
0.000 0.000 0.727 0.273
0.000 0.000 0.909 0.091
0.000 0.000 0.727 0.273

