1	bZIP:IRF	10	80	93	0.806382	0.859172	AGTTTCGAGTTGAC
1	NFKB1	4	124	136	0.801632	0.758092	TGGTACTTCCCCC
1	SpiB	14	180	192	0.873573	0.813348	AGTTCCCCGTTGG
1	NFKB1	16	207	215	0.680620	0.710788	CAAAGTCCC
1	V_IRF2_01	22	239	251	0.690710	0.612853	GCTTCCACTTTTC
2	Tcf21	33	22	31	0.767780	0.651869	AACAGCTGGC
2	SpiB	13	125	137	0.837230	0.763745	GAGAAGGGGAACC
2	PU1	11	140	152	0.871006	0.974997	AAGGGAAGTGAAA
2	RUNX1	6	167	173	0.990000	0.764533	TGTGGTT
2	FOS	7	225	233	0.735656	0.823983	CATGACTAT
3	EBF1	17	113	122	0.831663	0.796020	ACCCTGGGGA
3	RUNX1	6	141	147	0.918969	0.799685	TGTGGGT
3	RUNX1	6	170	176	0.602971	0.657861	AGGGGTT
3	RUNX1	6	181	187	0.960862	0.831784	TGTGGGT
3	EBF1	18	208	217	0.609406	0.674040	TCCCCAAGGT
3	EBF1	18	219	228	0.936965	0.920511	TCCCCAGGGA
4	NFKB1	15	54	62	0.846638	0.605932	GGGGCTTTG
4	EWS:FLI1-fusion	24	139	147	0.820091	0.596447	ATTTCCTGT
4	RUNX1	6	157	163	0.984022	0.846379	CTGGGTT
4	PU1	12	162	174	0.980736	0.880308	TTTCTCTTCCTGC
5	NFKB1	15	35	43	0.709236	0.753686	GGGACTGTC
5	RUNX1	5	124	130	0.990000	0.944439	AACCACA
5	V_IRF2_01	21	134	146	0.753099	0.694179	AGAAAGCGAAAGG
5	NFKB1	16	164	172	0.920534	0.637013	GAAAGCCAC
5	RUNX1	5	188	194	0.903431	0.914404	AACTACA
5	RUNX1	6	267	273	0.891385	0.855026	AGAGGTT
