1	FOS	12	77	87	0.947390	0.844715	ATTGACTCATC
1	bZIP:IRF	15	81	95	0.990000	0.643345	ACTCATCCCTGACCT
1	Znf281	34	134	144	0.741783	0.712213	CCTTCCCCGAG
1	SpiB	10	162	173	0.987873	0.820606	ATTTCCTCTGAC
1	ETS1	13	163	170	0.987873	0.889763	TTTCCTCT
1	FOS	12	168	178	0.879025	0.772604	TCTGACTCAAT
1	ISRE	2	196	207	0.903185	0.955227	GCTTTCAGTTTC
1	PU1	8	198	210	0.903185	0.715992	TTTCAGTTTCTGC
1	ISRE	2	202	213	0.982761	0.877610	AGTTTCTGCTCT
1	SpiB	10	217	228	0.934513	0.761284	AGTTCCTTTTCT
1	ISRE	2	265	276	0.982654	0.963286	TGTTTCAGTTTC
1	PU1	8	267	279	0.982654	0.772274	TTTCAGTTTCTCT
1	ISRE	2	271	282	0.990000	0.802838	AGTTTCTCTGCT
2	SpiB	10	27	38	0.901965	0.600691	AATTCCCTTTGG
2	NFKB1	3	37	47	0.719732	0.632455	GGGGAACCATT
2	ISRE	1	39	50	0.719732	0.685556	GGAACCATTGAC
2	PU1	8	146	158	0.931251	0.621171	TCTCACTGATTGG
2	RUNX1	6	165	172	0.974582	0.939052	TGTGGTCA
3	bZIP:IRF	16	34	48	0.942866	0.822723	ACTTTCATATTTTAT
3	PU1	8	36	48	0.942866	0.720016	TTTCATATTTTAT
3	NFKB1	4	110	120	0.808774	0.643572	GGTACTTTGAT
4	PU1	8	22	34	0.979912	0.632571	TTTCAGCTTCATG
4	bZIP:IRF	16	26	40	0.921900	0.833874	AGCTTCATGTACATA
4	bZIP:IRF	16	75	89	0.988022	0.752935	AATTTCATTTTAAGT
4	PU1	8	77	89	0.857560	0.651082	TTTCATTTTAAGT
4	bZIP:IRF	16	81	95	0.859538	0.870474	ATTTTAAGTTCCGTA
4	RUNX1	6	131	138	0.975110	0.954525	TGTGGTTT
4	ISRE	2	158	169	0.873867	0.771600	TCTTTCAGAAGA
4	PU1	8	160	172	0.864627	0.841377	TTTCAGAAGAACT
5	ISRE	2	74	85	0.831297	0.929452	AGTTTCAGTGTC
5	PU1	8	76	88	0.990000	0.764446	TTTCAGTGTCTGT
5	ISRE	2	80	91	0.990000	0.888968	AGTGTCTGTTCT
5	RUNX1	6	112	119	0.917477	0.695204	TGTAGTTG
5	FOS	12	173	183	0.890317	0.601485	GCTGCCTTCCT
5	SpiB	10	187	198	0.875062	0.827600	ACTTCCTCCCAC
5	ETS1	13	188	195	0.968194	0.909382	CTTCCTCC
5	ISRE	1	200	211	0.983223	0.978222	GATACTGAAACT
5	RUNX1	6	213	220	0.965647	0.826454	TGTGGTTC
5	RUNX1	6	221	228	0.973513	0.854280	AGTGGTTT
