Minimum PWM Length:	10
Minimum PWM Information:	0.500000
Correlation with SVM weights:	0.556678
Cluster ID	Motif ID	Motif Name	Regression Weight	Z-score	Importance
1	1217	PU.1:IRF8	0.093	9.042	0.026
1	1118	PU.1-IRF	0.093	9.042	0.026
2	844	NFKB1	0.543	8.833	0.954
2	1043	NFkB-p65	0.543	8.833	0.954
2	567	V_CREL_01	0.543	8.833	0.954
2	597	MA0101.1 REL	0.543	8.833	0.954
2	1757	MA0101.1 REL	0.543	8.833	0.954
2	185	V_NFKAPPAB65_01	0.543	8.833	0.954
2	184	MA0107.1 RELA	0.543	8.833	0.954
2	1758	MA0107.1 RELA	0.543	8.833	0.954
2	324	MA0061.1 NF-kappaB	0.543	8.833	0.954
2	200	V_NFKB_Q6	0.543	8.833	0.954
2	322	V_NFKAPPAB_01	0.543	8.833	0.954
2	933	NFkB-p65-Rel	0.543	8.833	0.954
3	1091	ISRE	0.174	8.809	0.099
3	914	IRF1	0.174	8.809	0.099
3	1505	MA0050.2 IRF1	0.174	8.809	0.099
4	1008	RUNX2	0.921	8.793	1.000
4	998	RUNX	0.921	8.793	1.000
4	992	RUNX1	0.921	8.793	1.000
4	601	MA0002.2 RUNX1	0.921	8.793	1.000
4	1774	MA0002.2 RUNX1	0.921	8.793	1.000
4	1044	RUNX-AML	0.921	8.793	1.000
5	853	PU1	0.333	7.921	0.506
5	978	PU.1	0.333	7.921	0.506
5	1824	MA0081.2 SPIB	0.333	7.921	0.506
5	1823	MA0080.5 SPI1	0.333	7.921	0.506
6	1522	MA0489.1 JUN(var.2)	0.407	7.550	0.554
6	1096	BATF	0.407	7.550	0.554
6	1257	MA1634.1 BATF	0.407	7.550	0.554
6	1258	MA0462.2 BATF::JUN	0.407	7.550	0.554
6	1259	MA0835.2 BATF3	0.407	7.550	0.554
6	1106	Fra1	0.407	7.550	0.554
6	1375	MA1142.1 FOSL1::JUND	0.407	7.550	0.554
6	1790	MA1622.1 Smad2::Smad3	0.407	7.550	0.554
6	1128	Atf3	0.407	7.550	0.554
6	1363	MA0476.1 FOS	0.407	7.550	0.554
6	1374	MA1137.1 FOSL1::JUNB	0.407	7.550	0.554
6	1029	Fosl2	0.407	7.550	0.554
6	1039	Jun-AP1	0.407	7.550	0.554
6	1372	MA1128.1 FOSL1::JUN	0.407	7.550	0.554
6	1378	MA1130.1 FOSL2::JUN	0.407	7.550	0.554
6	813	AP1	0.407	7.550	0.554
6	1380	MA1138.1 FOSL2::JUNB	0.407	7.550	0.554
6	895	AP-1	0.407	7.550	0.554
6	1369	MA1135.1 FOSB::JUNB	0.407	7.550	0.554
6	1364	MA0099.3 FOS::JUN	0.407	7.550	0.554
6	1382	MA1144.1 FOSL2::JUND	0.407	7.550	0.554
6	1366	MA1134.1 FOS::JUNB	0.407	7.550	0.554
6	1371	MA0477.2 FOSL1	0.407	7.550	0.554
6	1205	Fra2	0.407	7.550	0.554
6	1525	MA0491.2 JUND	0.407	7.550	0.554
6	306	Jundm2_secondary	0.407	7.550	0.554
6	1367	MA1141.1 FOS::JUND	0.407	7.550	0.554
6	1377	MA0478.1 FOSL2	0.407	7.550	0.554
6	1523	MA0490.2 JUNB	0.407	7.550	0.554
6	1520	MA1132.1 JUN::JUNB	0.407	7.550	0.554
6	660	V_AP1_01	0.407	7.550	0.554
6	701	V_AP1_Q6	0.407	7.550	0.554
6	1616	MA0841.1 NFE2	0.407	7.550	0.554
6	79	V_BACH1_01	0.407	7.550	0.554
6	472	V_BACH2_01	0.407	7.550	0.554
6	1251	MA1101.2 BACH2	0.407	7.550	0.554
6	594	V_AP1_Q2	0.407	7.550	0.554
6	607	V_AP1_Q4	0.407	7.550	0.554
6	650	V_AP1FJ_Q2	0.407	7.550	0.554
7	993	IRF4	1.000	6.284	0.354
8	955	bZIP:IRF	0.485	6.160	0.290
8	1173	IRF:BATF	0.485	6.160	0.290
9	1503	MA1508.1 IKZF1	0.306	5.866	0.134
10	825	EBF1	0.235	5.037	0.192
10	1060	EBF	0.235	5.037	0.192
10	1144	EBF1	0.235	5.037	0.192
10	1319	MA0154.4 EBF1	0.235	5.037	0.192
11	1081	Oct2	0.180	5.028	0.226
11	1714	MA0507.1 POU2F2	0.180	5.028	0.226
11	1715	MA0627.2 POU2F3	0.180	5.028	0.226
11	95	V_OCT_C	0.180	5.028	0.226
11	851	POU2F2	0.180	5.028	0.226
11	170	Pou2f3_3986.2	0.180	5.028	0.226
11	215	Pou2f2_3748.1	0.180	5.028	0.226
11	1723	MA1115.1 POU5F1	0.180	5.028	0.226
11	1076	Oct4	0.180	5.028	0.226
11	68	V_OCT1_01	0.180	5.028	0.226
11	1713	MA0785.1 POU2F1	0.180	5.028	0.226
11	1716	MA0786.1 POU3F1	0.180	5.028	0.226
11	1170	Brn1	0.180	5.028	0.226
11	1717	MA0787.1 POU3F2	0.180	5.028	0.226
11	1712	MA0784.1 POU1F1	0.180	5.028	0.226
11	1219	Oct6	0.180	5.028	0.226
11	1718	MA0788.1 POU3F3	0.180	5.028	0.226
12	44	V_IRF1_01	0.045	4.047	0.013
12	24	V_IRF2_01	0.045	4.047	0.013
13	942	ETS:RUNX	0.096	3.476	0.062
14	1074	T1ISRE	0.050	3.050	0.029
15	86	V_ELK1_01	0.136	2.521	0.051
16	9	V_MEF2_04	0.053	2.282	0.065
17	1776	MA0684.2 RUNX3	0.317	2.187	0.099
18	279	Eomes_primary	0.130	2.140	0.058
18	1849	MA0688.1 TBX2	0.130	2.140	0.058
18	1339	MA0800.1 EOMES	0.130	2.140	0.058
18	1844	MA0802.1 TBR1	0.130	2.140	0.058
18	1113	Tbet	0.130	2.140	0.058
18	1851	MA0690.1 TBX21	0.130	2.140	0.058
18	1850	MA0689.1 TBX20	0.130	2.140	0.058
18	1847	MA1565.1 TBX18	0.130	2.140	0.058
18	1855	MA1567.1 TBX6	0.130	2.140	0.058
18	1852	MA1566.1 TBX3	0.130	2.140	0.058
19	898	MITF	0.372	1.929	0.143
19	1906	MA0526.3 USF2	0.372	1.929	0.143
19	1905	MA0093.3 USF1	0.372	1.929	0.143
19	695	V_USF_02	0.372	1.929	0.143
19	1887	MA0692.1 TFEB	0.372	1.929	0.143
19	246	V_MAX_01	0.372	1.929	0.143
19	882	USF	0.372	1.929	0.143
19	911	Usf2	0.372	1.929	0.143
19	1042	USF1	0.372	1.929	0.143
19	934	E-box	0.372	1.929	0.143
19	397	V_USF_01	0.372	1.929	0.143
19	402	MA0058.1 MAX	0.372	1.929	0.143
19	1888	MA0871.2 TFEC	0.372	1.929	0.143
19	1151	NPAS2	0.372	1.929	0.143
19	158	V_ARNT_02	0.372	1.929	0.143
19	263	Bhlhb2_primary	0.372	1.929	0.143
19	1584	MA0664.1 MLXIPL	0.372	1.929	0.143
19	1267	MA0464.2 BHLHE40	0.372	1.929	0.143
19	1234	MA1464.1 ARNT2	0.372	1.929	0.143
19	1235	MA0603.1 Arntl	0.372	1.929	0.143
19	357	V_MYCMAX_03	0.372	1.929	0.143
19	1579	MA0620.3 MITF	0.372	1.929	0.143
19	1268	MA0636.1 BHLHE41	0.372	1.929	0.143
19	1563	MA0058.3 MAX	0.372	1.929	0.143
19	1585	MA0825.1 MNT	0.372	1.929	0.143
19	580	V_NMYC_01	0.372	1.929	0.143
19	840	MAX	0.372	1.929	0.143
19	540	V_MYCMAX_02	0.372	1.929	0.143
19	901	Max	0.372	1.929	0.143
19	369	V_ARNT_01	0.372	1.929	0.143
19	545	MA0147.1 Myc	0.372	1.929	0.143
19	1646	MA0626.1 Npas2	0.372	1.929	0.143
19	1598	MA0147.3 MYC	0.372	1.929	0.143
19	550	MA0104.2 Mycn	0.372	1.929	0.143
19	1027	bHLHE40	0.372	1.929	0.143
19	842	MYC	0.372	1.929	0.143
19	1022	c-Myc	0.372	1.929	0.143
19	1830	MA0828.1 SREBF2(var.2)	0.372	1.929	0.143
19	1006	n-Myc	0.372	1.929	0.143
19	452	Max_primary	0.372	1.929	0.143
19	817	BHLHE40	0.372	1.929	0.143
19	1449	MA0823.1 HEY1	0.372	1.929	0.143
19	1450	MA0649.1 HEY2	0.372	1.929	0.143
19	227	MA0059.1 MYC::MAX	0.372	1.929	0.143
19	1564	MA0059.1 MAX::MYC	0.372	1.929	0.143
19	232	V_SREBP1_01	0.372	1.929	0.143
19	1599	MA0104.4 MYCN	0.372	1.929	0.143
19	1582	MA0663.1 MLX	0.372	1.929	0.143
19	1798	MA1560.1 SOHLH2	0.372	1.929	0.143
19	121	V_MYCMAX_01	0.372	1.929	0.143
19	1443	MA1099.2 HES1	0.372	1.929	0.143
19	1444	MA0616.2 HES2	0.372	1.929	0.143
19	1446	MA1493.1 HES6	0.372	1.929	0.143
20	1950	MA1630.1 Znf281	0.063	1.859	0.022
21	960	Pax8	0.319	1.673	0.156
21	1147	PAX5	0.319	1.673	0.156
22	969	Sp1	0.072	1.650	0.042
22	499	V_SP1_Q6	0.072	1.650	0.042
22	516	V_GC_01	0.072	1.650	0.042
22	1533	MA1513.1 KLF15	0.072	1.650	0.042
22	860	SP1	0.072	1.650	0.042
23	3	V_LUN1_01	-0.005	-1.540	0.001
24	1922	MA1579.1 ZBTB26	-0.151	-1.639	0.042
25	875	UA3	-0.338	-1.942	0.169
26	599	V_NFAT_Q6	-0.413	-1.952	0.115
27	1023	NFAT:AP1	-0.112	-1.984	0.017
28	500	Hoxd10_2368.2	-0.341	-2.099	0.224
29	693	V_IK2_01	-1.318	-2.159	0.711
30	1150	TEAD	-0.528	-3.693	0.499
