30.241
28.425
27.697
27.269
26.963
26.739
26.567
26.432
26.321
26.229
26.151
26.084
26.028
25.979
25.938
25.902
25.871
25.843
25.817
25.715
25.684
25.657
25.632
25.608
25.586
25.564
25.544
25.524
25.505
25.487
25.43
25.402
25.383
25.368
25.355
25.344
25.333
25.325
25.316
25.688
25.617
25.583
25.56
25.542
25.527
25.515
25.505
25.495
25.487
25.479
25.431
25.413
25.402
25.394
25.388
25.382
25.377
25.373
25.368
25.482
25.465
25.439
25.426
25.417
25.41
25.405
25.401
25.397
25.393
25.39
25.387
25.384
25.377
25.372
25.369
25.366
25.363
25.36
25.358
25.428
25.405
25.395
25.389
25.381
25.376
25.372
25.368
25.365
25.362
25.36
25.357
25.355
25.354
25.352
25.351
25.349
25.348
25.347
25.346
25.348
25.345
25.344
25.342
25.341
25.34
