30.161
28.328
27.582
27.13
26.821
26.604
26.434
26.292
26.17
26.071
25.984
25.906
25.838
25.781
25.73
25.687
25.65
25.616
25.585
25.436
25.397
25.363
25.332
25.303
25.275
25.25
25.226
25.204
25.183
25.163
25.146
25.129
25.114
25.1
25.057
25.03
25.009
24.993
24.979
25.746
25.62
25.566
25.533
25.509
25.491
25.476
25.464
25.453
25.443
25.434
25.426
25.401
25.389
25.38
25.372
25.365
25.358
25.352
25.346
25.39
25.377
25.367
25.355
25.346
25.338
25.331
25.325
25.318
25.312
25.307
25.301
25.295
25.29
25.284
25.278
25.273
25.267
25.263
25.258
25.292
25.281
25.274
25.268
25.263
25.254
25.249
25.244
25.239
25.235
25.231
25.228
25.224
25.22
25.217
25.214
25.211
25.208
25.205
25.202
25.251
25.236
25.229
25.224
25.219
25.215
25.211
25.207
25.203
25.2
25.197
25.193
25.19
25.187
25.184
25.181
25.178
25.175
25.173
25.17
25.165
25.162
25.159
25.157
25.154
25.151
25.149
25.146
25.144
25.141
25.139
25.136
25.134
25.132
25.129
25.127
25.125
