MOTIF 1
ISRE
11
0.594 0.128 0.215 0.063
0.521 0.033 0.146 0.300
0.622 0.164 0.054 0.160
0.224 0.310 0.177 0.289
0.216 0.168 0.117 0.498
0.000 0.000 1.000 0.000
0.873 0.000 0.127 0.000
0.930 0.000 0.000 0.070
1.000 0.000 0.000 0.000
0.000 0.663 0.337 0.000
0.108 0.274 0.026 0.592

MOTIF 2
ISRE
11
0.592 0.026 0.274 0.108
0.000 0.337 0.663 0.000
0.000 0.000 0.000 1.000
0.070 0.000 0.000 0.930
0.000 0.127 0.000 0.873
0.000 1.000 0.000 0.000
0.498 0.117 0.168 0.216
0.289 0.177 0.310 0.224
0.160 0.054 0.164 0.622
0.300 0.146 0.033 0.521
0.063 0.215 0.128 0.594

MOTIF 3
PU.1-IRF
10
0.331 0.000 0.669 0.000
0.250 0.000 0.750 0.000
0.987 0.000 0.000 0.013
0.955 0.000 0.000 0.045
0.156 0.376 0.439 0.028
0.184 0.092 0.000 0.724
0.115 0.000 0.885 0.000
0.874 0.000 0.102 0.024
0.616 0.026 0.328 0.029
1.000 0.000 0.000 0.000

MOTIF 4
PU.1-IRF
10
0.000 0.000 0.000 1.000
0.029 0.328 0.026 0.616
0.024 0.102 0.000 0.874
0.000 0.885 0.000 0.115
0.724 0.000 0.092 0.184
0.028 0.439 0.376 0.156
0.045 0.000 0.000 0.955
0.013 0.000 0.000 0.987
0.000 0.750 0.000 0.250
0.000 0.669 0.000 0.331

MOTIF 5
V_AML1_01
8
0.286 0.151 0.054 0.509
0.455 0.056 0.306 0.183
0.986 0.000 0.014 0.000
0.000 0.946 0.054 0.000
0.000 0.941 0.059 0.000
0.685 0.004 0.129 0.182
0.157 0.761 0.000 0.082
0.638 0.110 0.034 0.218

MOTIF 6
V_AML1_01
8
0.218 0.034 0.110 0.638
0.082 0.000 0.761 0.157
0.182 0.129 0.004 0.685
0.000 0.059 0.941 0.000
0.000 0.054 0.946 0.000
0.000 0.014 0.000 0.986
0.183 0.306 0.056 0.455
0.509 0.054 0.151 0.286

MOTIF 7
NFKB1
10
0.000 0.046 0.919 0.035
0.000 0.000 1.000 0.000
0.000 0.000 0.797 0.203
0.496 0.000 0.425 0.079
0.256 0.413 0.174 0.157
0.036 0.027 0.000 0.937
0.015 0.118 0.000 0.867
0.000 0.236 0.000 0.764
0.050 0.772 0.000 0.178
0.000 0.777 0.098 0.126

MOTIF 8
NFKB1
10
0.126 0.098 0.777 0.000
0.178 0.000 0.772 0.050
0.764 0.000 0.236 0.000
0.867 0.000 0.118 0.015
0.937 0.000 0.027 0.036
0.157 0.174 0.413 0.256
0.079 0.425 0.000 0.496
0.203 0.797 0.000 0.000
0.000 1.000 0.000 0.000
0.035 0.919 0.046 0.000

MOTIF 9
ELF5
9
0.488 0.036 0.220 0.255
0.142 0.326 0.532 0.000
0.701 0.087 0.211 0.000
0.000 0.000 1.000 0.000
0.000 0.000 1.000 0.000
1.000 0.000 0.000 0.000
0.778 0.000 0.000 0.222
0.258 0.157 0.585 0.000
0.038 0.185 0.116 0.661

MOTIF 10
ELF5
9
0.661 0.116 0.185 0.038
0.000 0.585 0.157 0.258
0.222 0.000 0.000 0.778
0.000 0.000 0.000 1.000
0.000 1.000 0.000 0.000
0.000 1.000 0.000 0.000
0.000 0.211 0.087 0.701
0.000 0.532 0.326 0.142
0.255 0.220 0.036 0.488

MOTIF 11
Fra1
12
0.282 0.101 0.579 0.037
0.344 0.037 0.255 0.363
0.187 0.000 0.384 0.429
0.503 0.215 0.015 0.267
0.023 0.000 0.000 0.977
0.000 0.051 0.762 0.186
1.000 0.000 0.000 0.000
0.129 0.364 0.507 0.000
0.000 0.009 0.063 0.928
0.301 0.699 0.000 0.000
1.000 0.000 0.000 0.000
0.050 0.288 0.210 0.451

MOTIF 12
Fra1
12
0.451 0.210 0.288 0.050
0.000 0.000 0.000 1.000
0.000 0.000 0.699 0.301
0.928 0.063 0.009 0.000
0.000 0.507 0.364 0.129
0.000 0.000 0.000 1.000
0.186 0.762 0.051 0.000
0.977 0.000 0.000 0.023
0.267 0.015 0.215 0.503
0.429 0.384 0.000 0.187
0.363 0.255 0.037 0.344
0.037 0.579 0.101 0.282

MOTIF 13
MZF1_1-4
7
0.078 0.134 0.127 0.661
0.058 0.134 0.117 0.690
0.050 0.787 0.147 0.016
0.000 0.911 0.089 0.000
0.000 1.000 0.000 0.000
0.000 0.862 0.000 0.138
0.384 0.162 0.032 0.421

MOTIF 14
MZF1_1-4
7
0.421 0.032 0.162 0.384
0.138 0.000 0.862 0.000
0.000 0.000 1.000 0.000
0.000 0.089 0.911 0.000
0.016 0.147 0.787 0.050
0.690 0.117 0.134 0.058
0.661 0.127 0.134 0.078

MOTIF 15
EBF1
11
0.025 0.498 0.218 0.259
0.155 0.349 0.062 0.434
0.050 0.943 0.007 0.000
0.000 0.552 0.075 0.373
0.000 0.860 0.138 0.002
0.314 0.093 0.002 0.591
0.120 0.079 0.486 0.315
0.000 0.000 1.000 0.000
0.217 0.000 0.661 0.122
0.000 0.000 0.985 0.015
0.658 0.153 0.188 0.000

MOTIF 16
EBF1
11
0.000 0.188 0.153 0.658
0.015 0.985 0.000 0.000
0.122 0.661 0.000 0.217
0.000 1.000 0.000 0.000
0.315 0.486 0.079 0.120
0.591 0.002 0.093 0.314
0.002 0.138 0.860 0.000
0.373 0.075 0.552 0.000
0.000 0.007 0.943 0.050
0.434 0.062 0.349 0.155
0.259 0.218 0.498 0.025

MOTIF 17
POU2F3
8
0.961 0.000 0.000 0.039
0.047 0.062 0.120 0.771
0.031 0.090 0.697 0.182
0.000 0.800 0.000 0.200
0.855 0.053 0.028 0.064
0.908 0.000 0.020 0.071
0.805 0.074 0.080 0.041
0.218 0.000 0.181 0.601

MOTIF 18
POU2F3
8
0.601 0.181 0.000 0.218
0.041 0.080 0.074 0.805
0.071 0.020 0.000 0.908
0.064 0.028 0.053 0.855
0.200 0.000 0.800 0.000
0.182 0.697 0.090 0.031
0.771 0.120 0.062 0.047
0.039 0.000 0.000 0.961

MOTIF 19
IRF9
15
0.944 0.014 0.012 0.030
0.574 0.119 0.049 0.258
0.013 0.945 0.009 0.032
0.012 0.001 0.986 0.001
0.998 0.001 0.000 0.000
0.999 0.000 0.000 0.001
0.999 0.001 0.000 0.000
0.012 0.933 0.053 0.002
0.004 0.804 0.000 0.193
0.001 0.000 0.999 0.000
0.999 0.001 0.000 0.000
0.994 0.000 0.000 0.006
0.999 0.000 0.000 0.001
0.001 0.934 0.064 0.001
0.028 0.316 0.002 0.654

MOTIF 20
IRF9
15
0.654 0.002 0.316 0.028
0.001 0.064 0.934 0.001
0.001 0.000 0.000 0.999
0.006 0.000 0.000 0.994
0.000 0.000 0.001 0.999
0.000 0.999 0.000 0.001
0.193 0.000 0.804 0.004
0.002 0.053 0.933 0.012
0.000 0.000 0.001 0.999
0.001 0.000 0.000 0.999
0.000 0.000 0.001 0.998
0.001 0.986 0.001 0.012
0.032 0.009 0.945 0.013
0.258 0.049 0.119 0.574
0.030 0.012 0.014 0.944

MOTIF 21
ETS:RUNX
12
0.456 0.109 0.328 0.107
0.231 0.506 0.263 0.001
0.904 0.085 0.001 0.010
0.001 0.001 0.997 0.001
0.007 0.001 0.991 0.001
0.997 0.001 0.001 0.001
0.412 0.001 0.001 0.586
0.001 0.001 0.997 0.001
0.001 0.001 0.001 0.997
0.001 0.001 0.997 0.001
0.001 0.001 0.997 0.001
0.001 0.192 0.263 0.545

MOTIF 22
ETS:RUNX
12
0.545 0.263 0.192 0.001
0.001 0.997 0.001 0.001
0.001 0.997 0.001 0.001
0.997 0.001 0.001 0.001
0.001 0.997 0.001 0.001
0.586 0.001 0.001 0.412
0.001 0.001 0.001 0.997
0.001 0.991 0.001 0.007
0.001 0.997 0.001 0.001
0.010 0.001 0.085 0.904
0.001 0.263 0.506 0.231
0.107 0.328 0.109 0.456

MOTIF 23
Mef2a
10
0.120 0.781 0.040 0.060
0.025 0.465 0.002 0.509
0.409 0.171 0.172 0.250
0.561 0.116 0.165 0.159
0.746 0.049 0.180 0.026
0.888 0.002 0.002 0.109
0.926 0.003 0.002 0.070
0.006 0.002 0.007 0.986
0.924 0.002 0.073 0.002
0.047 0.084 0.856 0.014

MOTIF 24
Mef2a
10
0.014 0.856 0.084 0.047
0.002 0.073 0.002 0.924
0.986 0.007 0.002 0.006
0.070 0.002 0.003 0.926
0.109 0.002 0.002 0.888
0.026 0.180 0.049 0.746
0.159 0.165 0.116 0.561
0.250 0.172 0.171 0.409
0.509 0.002 0.465 0.025
0.060 0.040 0.781 0.120

MOTIF 25
T1ISRE
12
0.924 0.039 0.036 0.001
0.001 0.856 0.142 0.001
0.001 0.001 0.001 0.997
0.001 0.001 0.001 0.997
0.001 0.001 0.001 0.997
0.001 0.898 0.052 0.049
0.215 0.001 0.783 0.001
0.001 0.001 0.001 0.997
0.001 0.001 0.001 0.997
0.001 0.059 0.001 0.939
0.052 0.799 0.001 0.148
0.001 0.107 0.046 0.847

MOTIF 26
T1ISRE
12
0.847 0.046 0.107 0.001
0.148 0.001 0.799 0.052
0.939 0.001 0.059 0.001
0.997 0.001 0.001 0.001
0.997 0.001 0.001 0.001
0.001 0.783 0.001 0.215
0.049 0.052 0.898 0.001
0.997 0.001 0.001 0.001
0.997 0.001 0.001 0.001
0.997 0.001 0.001 0.001
0.001 0.142 0.856 0.001
0.001 0.036 0.039 0.924

MOTIF 27
V_MEF2_04
18
0.070 0.090 0.070 0.770
0.070 0.000 0.840 0.090
0.090 0.000 0.070 0.840
0.000 0.011 0.044 0.945
0.630 0.010 0.200 0.160
0.000 0.980 0.020 0.000
0.000 0.020 0.000 0.980
0.910 0.020 0.000 0.070
0.680 0.000 0.000 0.320
1.000 0.000 0.000 0.000
1.000 0.000 0.000 0.000
1.000 0.000 0.000 0.000
0.000 0.020 0.000 0.980
1.000 0.000 0.000 0.000
0.020 0.000 0.980 0.000
0.800 0.090 0.060 0.050
0.720 0.060 0.000 0.220
0.434 0.364 0.020 0.182

MOTIF 28
V_MEF2_04
18
0.182 0.020 0.364 0.434
0.220 0.000 0.060 0.720
0.050 0.060 0.090 0.800
0.000 0.980 0.000 0.020
0.000 0.000 0.000 1.000
0.980 0.000 0.020 0.000
0.000 0.000 0.000 1.000
0.000 0.000 0.000 1.000
0.000 0.000 0.000 1.000
0.320 0.000 0.000 0.680
0.070 0.000 0.020 0.910
0.980 0.000 0.020 0.000
0.000 0.020 0.980 0.000
0.160 0.200 0.010 0.630
0.945 0.044 0.011 0.000
0.840 0.070 0.000 0.090
0.090 0.840 0.000 0.070
0.770 0.070 0.090 0.070

MOTIF 29
HNF1A
13
0.459 0.027 0.472 0.042
0.023 0.064 0.055 0.858
0.147 0.110 0.028 0.715
0.982 0.000 0.017 0.001
0.934 0.042 0.001 0.024
0.080 0.027 0.000 0.893
0.236 0.265 0.321 0.178
0.934 0.001 0.022 0.043
0.045 0.001 0.054 0.900
0.003 0.016 0.000 0.981
0.815 0.014 0.077 0.094
0.878 0.043 0.068 0.011
0.086 0.822 0.038 0.053

MOTIF 30
HNF1A
13
0.053 0.038 0.822 0.086
0.011 0.068 0.043 0.878
0.094 0.077 0.014 0.815
0.981 0.000 0.016 0.003
0.900 0.054 0.001 0.045
0.043 0.022 0.001 0.934
0.178 0.321 0.265 0.236
0.893 0.000 0.027 0.080
0.024 0.001 0.042 0.934
0.001 0.017 0.000 0.982
0.715 0.028 0.110 0.147
0.858 0.055 0.064 0.023
0.042 0.472 0.027 0.459

MOTIF 31
Pax8
15
0.045 0.107 0.610 0.238
0.092 0.281 0.144 0.483
0.001 0.857 0.020 0.122
0.662 0.199 0.026 0.113
0.083 0.314 0.109 0.494
0.108 0.019 0.872 0.001
0.001 0.676 0.322 0.001
0.291 0.343 0.054 0.313
0.049 0.027 0.001 0.923
0.001 0.240 0.758 0.001
0.415 0.171 0.412 0.001
0.082 0.704 0.177 0.037
0.054 0.001 0.001 0.944
0.003 0.001 0.929 0.067
0.275 0.436 0.288 0.001

MOTIF 32
Pax8
15
0.001 0.288 0.436 0.275
0.067 0.929 0.001 0.003
0.944 0.001 0.001 0.054
0.037 0.177 0.704 0.082
0.001 0.412 0.171 0.415
0.001 0.758 0.240 0.001
0.923 0.001 0.027 0.049
0.313 0.054 0.343 0.291
0.001 0.322 0.676 0.001
0.001 0.872 0.019 0.108
0.494 0.109 0.314 0.083
0.113 0.026 0.199 0.662
0.122 0.020 0.857 0.001
0.483 0.144 0.281 0.092
0.238 0.610 0.107 0.045

MOTIF 33
USF2
10
0.172 0.084 0.696 0.048
0.072 0.171 0.081 0.676
0.010 0.967 0.014 0.010
0.966 0.014 0.009 0.011
0.008 0.287 0.050 0.655
0.046 0.021 0.927 0.007
0.009 0.005 0.013 0.972
0.009 0.015 0.968 0.009
0.819 0.056 0.085 0.040
0.038 0.745 0.063 0.154

MOTIF 34
USF2
10
0.154 0.063 0.745 0.038
0.040 0.085 0.056 0.819
0.009 0.968 0.015 0.009
0.972 0.013 0.005 0.009
0.007 0.927 0.021 0.046
0.655 0.050 0.287 0.008
0.011 0.009 0.014 0.966
0.010 0.014 0.967 0.010
0.676 0.081 0.171 0.072
0.048 0.696 0.084 0.172

MOTIF 35
V_E47_02
11
0.500 0.260 0.070 0.170
0.500 0.140 0.330 0.030
0.000 1.000 0.000 0.000
1.000 0.000 0.000 0.000
0.000 0.050 0.920 0.030
0.000 0.160 0.840 0.000
0.000 0.000 0.000 1.000
0.000 0.000 1.000 0.000
0.000 0.240 0.130 0.630
0.200 0.030 0.080 0.690
0.340 0.460 0.110 0.090

MOTIF 36
V_E47_02
11
0.090 0.110 0.460 0.340
0.690 0.080 0.030 0.200
0.630 0.130 0.240 0.000
0.000 1.000 0.000 0.000
1.000 0.000 0.000 0.000
0.000 0.840 0.160 0.000
0.030 0.920 0.050 0.000
0.000 0.000 0.000 1.000
0.000 0.000 1.000 0.000
0.030 0.330 0.140 0.500
0.170 0.070 0.260 0.500

MOTIF 37
Sp1
12
0.181 0.218 0.541 0.060
0.050 0.001 0.948 0.001
0.013 0.870 0.061 0.056
0.033 0.815 0.001 0.151
0.049 0.949 0.001 0.001
0.001 0.997 0.001 0.001
0.025 0.001 0.973 0.001
0.001 0.997 0.001 0.001
0.001 0.997 0.001 0.001
0.001 0.881 0.001 0.117
0.103 0.824 0.001 0.071
0.037 0.512 0.221 0.230

MOTIF 38
Sp1
12
0.230 0.221 0.512 0.037
0.071 0.001 0.824 0.103
0.117 0.001 0.881 0.001
0.001 0.001 0.997 0.001
0.001 0.001 0.997 0.001
0.001 0.973 0.001 0.025
0.001 0.001 0.997 0.001
0.001 0.001 0.949 0.049
0.151 0.001 0.815 0.033
0.056 0.061 0.870 0.013
0.001 0.948 0.001 0.050
0.060 0.541 0.218 0.181

MOTIF 39
X-box
14
0.170 0.071 0.470 0.290
0.036 0.018 0.921 0.025
0.009 0.051 0.016 0.924
0.055 0.057 0.023 0.865
0.139 0.057 0.591 0.213
0.005 0.863 0.025 0.108
0.007 0.869 0.001 0.123
0.871 0.053 0.011 0.066
0.073 0.012 0.063 0.852
0.120 0.001 0.875 0.003
0.096 0.027 0.873 0.004
0.219 0.541 0.076 0.164
0.789 0.024 0.126 0.061
0.892 0.031 0.054 0.023

MOTIF 40
X-box
14
0.023 0.054 0.031 0.892
0.061 0.126 0.024 0.789
0.164 0.076 0.541 0.219
0.004 0.873 0.027 0.096
0.003 0.875 0.001 0.120
0.852 0.063 0.012 0.073
0.066 0.011 0.053 0.871
0.123 0.001 0.869 0.007
0.108 0.025 0.863 0.005
0.213 0.591 0.057 0.139
0.865 0.023 0.057 0.055
0.924 0.016 0.051 0.009
0.025 0.921 0.018 0.036
0.290 0.470 0.071 0.170

MOTIF 41
Egr2
10
0.114 0.182 0.678 0.026
0.158 0.552 0.035 0.255
0.001 0.001 0.997 0.001
0.001 0.001 0.137 0.861
0.055 0.001 0.943 0.001
0.001 0.001 0.997 0.001
0.001 0.001 0.997 0.001
0.159 0.587 0.001 0.253
0.032 0.001 0.953 0.014
0.092 0.066 0.513 0.329

MOTIF 42
Egr2
10
0.329 0.513 0.066 0.092
0.014 0.953 0.001 0.032
0.253 0.001 0.587 0.159
0.001 0.997 0.001 0.001
0.001 0.997 0.001 0.001
0.001 0.943 0.001 0.055
0.861 0.137 0.001 0.001
0.001 0.997 0.001 0.001
0.255 0.035 0.552 0.158
0.026 0.678 0.182 0.114

MOTIF 43
Myf
12
0.437 0.501 0.062 0.000
0.563 0.000 0.437 0.000
0.250 0.125 0.625 0.000
0.000 0.938 0.062 0.000
1.000 0.000 0.000 0.000
0.437 0.000 0.563 0.000
0.000 0.938 0.062 0.000
0.375 0.000 0.000 0.625
0.000 0.000 1.000 0.000
0.000 0.625 0.375 0.000
0.375 0.000 0.000 0.625
0.000 0.000 1.000 0.000

MOTIF 44
Myf
12
0.000 1.000 0.000 0.000
0.625 0.000 0.000 0.375
0.000 0.375 0.625 0.000
0.000 1.000 0.000 0.000
0.625 0.000 0.000 0.375
0.000 0.062 0.938 0.000
0.000 0.563 0.000 0.437
0.000 0.000 0.000 1.000
0.000 0.062 0.938 0.000
0.000 0.625 0.125 0.250
0.000 0.437 0.000 0.563
0.000 0.062 0.501 0.437

MOTIF 45
Znf281
11
0.182 0.134 0.539 0.145
0.152 0.164 0.571 0.113
0.001 0.035 0.004 0.959
0.003 0.013 0.982 0.002
0.004 0.025 0.968 0.004
0.005 0.020 0.971 0.004
0.003 0.018 0.975 0.004
0.003 0.006 0.983 0.008
0.990 0.007 0.001 0.002
0.112 0.064 0.657 0.168
0.057 0.054 0.841 0.048

MOTIF 46
Znf281
11
0.048 0.841 0.054 0.057
0.168 0.657 0.064 0.112
0.002 0.001 0.007 0.990
0.008 0.983 0.006 0.003
0.004 0.975 0.018 0.003
0.004 0.971 0.020 0.005
0.004 0.968 0.025 0.004
0.002 0.982 0.013 0.003
0.959 0.004 0.035 0.001
0.113 0.571 0.164 0.152
0.145 0.539 0.134 0.182

