32.099
30.031
29.182
28.682
28.321
28.059
27.854
27.7
27.584
27.492
27.416
27.354
27.298
27.247
27.2
27.155
27.114
27.076
27.041
27.009
26.921
26.89
26.863
26.837
26.812
26.788
26.766
26.727
26.702
26.683
26.666
26.65
26.614
26.587
26.565
26.545
26.529
26.513
26.49
26.468
26.904
26.796
26.747
26.711
26.683
26.661
26.642
26.624
26.608
26.578
26.56
26.544
26.531
26.517
26.5
26.486
26.474
26.463
26.454
26.445
26.52
26.493
26.479
26.467
26.458
26.449
26.441
26.434
26.428
26.421
26.415
26.409
26.404
26.398
26.393
26.387
26.382
26.377
26.372
26.368
26.353
26.347
26.342
26.337
26.332
26.327
26.322
26.317
26.312
26.307
26.303
26.298
26.294
26.29
26.285
26.281
26.277
26.273
26.27
26.266
26.255
26.251
26.246
26.243
26.239
26.235
26.231
26.228
26.224
26.221
26.217
26.214
26.211
26.207
26.204
26.201
26.197
26.194
26.191
26.188
26.177
26.174
26.171
26.168
26.165
26.163
26.16
26.158
26.155
26.153
26.151
26.149
26.146
26.145
26.142
